<?xml version="1.0" encoding="UTF-8"?>
<!-- Generated by org.testng.reporters.JUnitXMLReporter -->
<testsuite ignored="0" hostname="LAPTOP-M57M5LQ1" failures="0" tests="3" name="Test" time="72.739" errors="0" timestamp="2021-07-16T08:13:52 IST">
  <testcase classname="Framework.validateTitle" name="basepageNavigation" time="0.369"/>
  <testcase classname="Framework.HomePage" name="basepageNavigation" time="21.179"/>
  <testcase classname="Framework.HomePage" name="basepageNavigation" time="18.886"/>
</testsuite> <!-- Test -->
