<?xml version="1.0" encoding="UTF-8"?>
<!-- Generated by org.testng.reporters.JUnitXMLReporter -->
<testsuite ignored="0" hostname="LAPTOP-M57M5LQ1" failures="0" tests="3" name="Test" time="59.599" errors="0" timestamp="2021-07-16T09:25:22 IST">
  <testcase classname="Framework.validateTitle" name="basepageNavigation" time="0.221"/>
  <testcase classname="Framework.HomePage" name="basepageNavigation" time="21.829"/>
  <testcase classname="Framework.HomePage" name="basepageNavigation" time="19.514"/>
</testsuite> <!-- Test -->
