<?xml version="1.0" encoding="UTF-8"?>
<!-- Generated by org.testng.reporters.JUnitXMLReporter -->
<testsuite ignored="0" hostname="LAPTOP-M57M5LQ1" failures="1" tests="1" name="validating title test" time="15.503" errors="0" timestamp="2021-07-25T17:06:38 IST">
  <testcase classname="Framework.validateTitle" name="basepageNavigation" time="0.142">
    <failure type="java.lang.AssertionError" message="expected [Automation Practice Website123] but found [Automation Practice Website]">
      <![CDATA[java.lang.AssertionError: expected [Automation Practice Website123] but found [Automation Practice Website]
at Framework.validateTitle.basepageNavigation(validateTitle.java:43)
at java.base/java.util.ArrayList.forEach(ArrayList.java:1511)
at java.base/java.util.concurrent.FutureTask.run(FutureTask.java:264)
at java.base/java.util.concurrent.ThreadPoolExecutor.runWorker(ThreadPoolExecutor.java:1130)
at java.base/java.util.concurrent.ThreadPoolExecutor$Worker.run(ThreadPoolExecutor.java:630)
at java.base/java.lang.Thread.run(Thread.java:832)
... Removed 24 stack frames]]>
    </failure>
  </testcase> <!-- basepageNavigation -->
</testsuite> <!-- validating title test -->
