-------------------------------------------------------------------------------
Test set: TestSuite
-------------------------------------------------------------------------------
Tests run: 1, Failures: 1, Errors: 0, Skipped: 0, Time elapsed: 256.911 s <<< FAILURE! - in TestSuite
Framework.validateTitle.basepageNavigation  Time elapsed: 0.764 s  <<< FAILURE!
java.lang.AssertionError: expected [Automation Practice Website123] but found [Automation Practice Website]
	at Framework.validateTitle.basepageNavigation(validateTitle.java:43)

